[2025-08-31 12:26:44] [INFO] FullBodyWireframe - Logger initialized successfully
[2025-08-31 12:26:44] [INFO] FullBodyWireframe - Starting Full Body Wireframe Enterprise Edition
[2025-08-31 12:26:44] [INFO] FullBodyWireframe - Initializing Webcam
[2025-08-31 12:26:50] [INFO] FullBodyWireframe - Webcam initialized successfully
[2025-08-31 12:26:50] [INFO] FullBodyWireframe - Initializing HolisticProcessor
[2025-08-31 12:26:50] [INFO] FullBodyWireframe - HolisticProcessor initialized successfully
[2025-08-31 12:26:50] [INFO] FullBodyWireframe - Initializing WireframeDrawer
[2025-08-31 12:26:50] [INFO] FullBodyWireframe - WireframeDrawer initialized successfully
[2025-08-31 12:26:50] [INFO] FullBodyWireframe - Entering main loop
[2025-08-31 12:27:30] [INFO] FullBodyWireframe - Exit key pressed. Closing application.
[2025-08-31 12:27:30] [INFO] FullBodyWireframe - Starting cleanup of resources...
[2025-08-31 12:27:30] [INFO] FullBodyWireframe - Webcam released successfully
[2025-08-31 12:27:30] [INFO] FullBodyWireframe - HolisticProcessor closed successfully
[2025-08-31 12:27:30] [INFO] FullBodyWireframe - All OpenCV windows destroyed successfully
[2025-08-31 12:27:30] [INFO] FullBodyWireframe - Application closed gracefully
[2025-08-31 12:28:26] [INFO] FullBodyWireframe - Logger initialized successfully
[2025-08-31 12:28:26] [INFO] FullBodyWireframe - Starting Full Body Wireframe Enterprise Edition
[2025-08-31 12:28:26] [INFO] FullBodyWireframe - Initializing Webcam
[2025-08-31 12:28:32] [INFO] FullBodyWireframe - Webcam initialized successfully
[2025-08-31 12:28:32] [INFO] FullBodyWireframe - Initializing HolisticProcessor
[2025-08-31 12:28:32] [INFO] FullBodyWireframe - HolisticProcessor initialized successfully
[2025-08-31 12:28:32] [INFO] FullBodyWireframe - Initializing WireframeDrawer
[2025-08-31 12:28:32] [INFO] FullBodyWireframe - WireframeDrawer initialized successfully
[2025-08-31 12:28:32] [INFO] FullBodyWireframe - Entering main loop
[2025-08-31 12:28:34] [INFO] FullBodyWireframe - Frame 10: size=640x480, timestamp=2025-08-31 12:28:34
[2025-08-31 12:28:35] [INFO] FullBodyWireframe - Frame 20: size=640x480, timestamp=2025-08-31 12:28:35
[2025-08-31 12:28:36] [INFO] FullBodyWireframe - Frame 30: size=640x480, timestamp=2025-08-31 12:28:36
[2025-08-31 12:28:38] [INFO] FullBodyWireframe - Frame 40: size=640x480, timestamp=2025-08-31 12:28:38
[2025-08-31 12:28:39] [INFO] FullBodyWireframe - Frame 50: size=640x480, timestamp=2025-08-31 12:28:39
[2025-08-31 12:28:40] [INFO] FullBodyWireframe - Frame 60: size=640x480, timestamp=2025-08-31 12:28:40
[2025-08-31 12:28:42] [INFO] FullBodyWireframe - Frame 70: size=640x480, timestamp=2025-08-31 12:28:42
[2025-08-31 12:28:43] [INFO] FullBodyWireframe - Frame 80: size=640x480, timestamp=2025-08-31 12:28:43
[2025-08-31 12:28:44] [INFO] FullBodyWireframe - Frame 90: size=640x480, timestamp=2025-08-31 12:28:44
[2025-08-31 12:28:45] [INFO] FullBodyWireframe - Frame 100: size=640x480, timestamp=2025-08-31 12:28:45
[2025-08-31 12:28:47] [INFO] FullBodyWireframe - Frame 110: size=640x480, timestamp=2025-08-31 12:28:47
[2025-08-31 12:28:48] [INFO] FullBodyWireframe - Frame 120: size=640x480, timestamp=2025-08-31 12:28:48
[2025-08-31 12:28:49] [INFO] FullBodyWireframe - Frame 130: size=640x480, timestamp=2025-08-31 12:28:49
[2025-08-31 12:28:50] [INFO] FullBodyWireframe - Exit key pressed. Closing application.
[2025-08-31 12:28:50] [INFO] FullBodyWireframe - Starting cleanup of resources...
[2025-08-31 12:28:51] [INFO] FullBodyWireframe - Webcam released successfully
[2025-08-31 12:28:51] [INFO] FullBodyWireframe - HolisticProcessor closed successfully
[2025-08-31 12:28:51] [INFO] FullBodyWireframe - All OpenCV windows destroyed successfully
[2025-08-31 12:28:51] [INFO] FullBodyWireframe - Application closed gracefully
